
> simionic-custom-profiles-next@0.1.0 build
> next build

Î“Ă»â–“ Next.js 16.1.6 (Turbopack)
- Environments: .env.local

  Creating an optimized production build ...
Î“ÂŁĂ´ Compiled successfully in 1588.0ms
  Running TypeScript ...
  Collecting page data using 11 workers ...
  Generating static pages using 11 workers (0/25) ...
  Generating static pages using 11 workers (6/25) 
  Generating static pages using 11 workers (12/25) 
  Generating static pages using 11 workers (18/25) 
Î“ÂŁĂ´ Generating static pages using 11 workers (25/25) in 278.0ms
  Finalizing page optimization ...

Route (app)
Î“Ă¶Ă® Î“ĂąĂŻ /
Î“Ă¶ÂŁ Î“ĂąĂŻ /_not-found
Î“Ă¶ÂŁ Î“ĂąĂŻ /about
Î“Ă¶ÂŁ â•žĂ† /api/auth/[...nextauth]
Î“Ă¶ÂŁ â•žĂ† /api/auth/convert/check
Î“Ă¶ÂŁ â•žĂ† /api/auth/convert/complete
Î“Ă¶ÂŁ â•žĂ† /api/auth/convert/request
Î“Ă¶ÂŁ â•žĂ† /api/auth/forgot-password
Î“Ă¶ÂŁ â•žĂ† /api/auth/register
Î“Ă¶ÂŁ â•žĂ† /api/auth/reset-password
Î“Ă¶ÂŁ â•žĂ† /api/profiles
Î“Ă¶ÂŁ â•žĂ† /api/profiles/[id]
Î“Ă¶ÂŁ Î“ĂąĂŻ /auth/convert
Î“Ă¶ÂŁ â•žĂ† /auth/convert/[token]
Î“Ă¶ÂŁ Î“ĂąĂŻ /auth/forgot-password
Î“Ă¶ÂŁ Î“ĂąĂŻ /auth/register
Î“Ă¶ÂŁ Î“ĂąĂŻ /auth/reset-password
Î“Ă¶ÂŁ Î“ĂąĂŻ /auth/signin
Î“Ă¶ÂŁ Î“ĂąĂŻ /contact
Î“Ă¶ÂŁ Î“ĂąĂŻ /create
Î“Ă¶ÂŁ Î“ĂąĂŻ /downloads
Î“Ă¶ÂŁ â•žĂ† /edit/[id]
Î“Ă¶ÂŁ Î“ĂąĂŻ /faq
Î“Ă¶ÂŁ Î“ĂąĂŻ /import
Î“Ă¶ÂŁ Î“ĂąĂŻ /privacy
Î“Ă¶ÂŁ â•žĂ† /profile/[id]
Î“Ă¶ÂŁ Î“ĂąĂŻ /profiles
Î“Ă¶Ă¶ Î“ĂąĂŻ /terms


â•žĂ† Proxy (Middleware)

Î“ĂąĂŻ  (Static)   prerendered as static content
â•žĂ†  (Dynamic)  server-rendered on demand

